
/home/runner/work/exp-d-flip-flop-verilog-iiith/exp-d-flip-flop-verilog-iiith/experiment/simulation/exp9/quizval.js
  12:9   warning  'i' is not defined                     no-undef
  12:14  warning  'i' is not defined                     no-undef
  12:35  warning  'i' is not defined                     no-undef
  13:21  warning  'i' is not defined                     no-undef
  14:23  warning  'i' is not defined                     no-undef
  31:10  warning  'checkQuiz' is defined but never used  no-unused-vars
  32:4   warning  'numCorrect' is not defined            no-undef
  33:4   warning  'numCorrect' is not defined            no-undef
  34:4   warning  'numCorrect' is not defined            no-undef
  35:4   warning  'numCorrect' is not defined            no-undef
  36:4   warning  'numCorrect' is not defined            no-undef
  37:4   warning  'numCorrect' is not defined            no-undef
  38:4   warning  'numCorrect' is not defined            no-undef
  39:4   warning  'numCorrect' is not defined            no-undef
  40:4   warning  'numCorrect' is not defined            no-undef
  41:4   warning  'numCorrect' is not defined            no-undef
  42:4   warning  'numCorrect' is not defined            no-undef
  62:19  warning  'numCorrect' is not defined            no-undef

/home/runner/work/exp-d-flip-flop-verilog-iiith/exp-d-flip-flop-verilog-iiith/experiment/simulation/js/components.js
   3:25  warning  'jsPlumb' is not defined                            no-undef
   5:16  warning  'diagram' is not defined                            no-undef
  31:5   warning  'connectionMap' is not defined                      no-undef
  34:9   warning  'connectionMap' is not defined                      no-undef
  49:7   warning  'count' is assigned a value but never used          no-unused-vars
  50:7   warning  'maxCount' is assigned a value but never used       no-unused-vars
  52:10  warning  'addInstanceLatch' is defined but never used        no-unused-vars
  58:10  warning  'addInstanceClock' is defined but never used        no-unused-vars
  62:10  warning  'addInstanceClockbar' is defined but never used     no-unused-vars
  66:10  warning  'addInstanceFinalInput' is defined but never used   no-unused-vars
  70:10  warning  'addInstanceFinalOutput' is defined but never used  no-unused-vars

/home/runner/work/exp-d-flip-flop-verilog-iiith/exp-d-flip-flop-verilog-iiith/experiment/simulation/js/flipflop.js
  26:10   warning  'flipflopValidate' is defined but never used  no-unused-vars
  31:13   warning  'connectionMap' is not defined                no-undef
  31:72   warning  'connectionMap' is not defined                no-undef
  31:131  warning  'connectionMap' is not defined                no-undef
  31:216  warning  'connectionMap' is not defined                no-undef
  31:281  warning  'connectionMap' is not defined                no-undef
  31:344  warning  'connectionMap' is not defined                no-undef
  31:373  warning  'selectedTab' is not defined                  no-undef
  31:389  warning  'currentTab' is not defined                   no-undef
  35:13   warning  'connectionMap' is not defined                no-undef
  35:72   warning  'connectionMap' is not defined                no-undef
  35:134  warning  'connectionMap' is not defined                no-undef
  35:219  warning  'connectionMap' is not defined                no-undef
  35:284  warning  'connectionMap' is not defined                no-undef
  35:344  warning  'connectionMap' is not defined                no-undef
  35:373  warning  'selectedTab' is not defined                  no-undef
  35:389  warning  'currentTab' is not defined                   no-undef
  59:40   warning  'selectedTab' is not defined                  no-undef

/home/runner/work/exp-d-flip-flop-verilog-iiith/exp-d-flip-flop-verilog-iiith/experiment/simulation/js/integrate.js
   3:10  warning  'compLatch' is defined but never used     no-unused-vars
   4:5   warning  'maxCount' is not defined                 no-undef
   5:9   warning  'maxCount' is not defined                 no-undef
   9:26  warning  'count' is not defined                    no-undef
  14:5   warning  'count' is not defined                    no-undef
  17:5   warning  'jsplumbInstance' is not defined          no-undef
  18:5   warning  'addInstanceLatch' is not defined         no-undef
  21:10  warning  'compClock' is defined but never used     no-unused-vars
  22:5   warning  'maxCount' is not defined                 no-undef
  23:9   warning  'maxCount' is not defined                 no-undef
  27:26  warning  'count' is not defined                    no-undef
  32:5   warning  'count' is not defined                    no-undef
  35:5   warning  'jsplumbInstance' is not defined          no-undef
  36:5   warning  'addInstanceClock' is not defined         no-undef
  39:10  warning  'compClockbar' is defined but never used  no-unused-vars
  40:5   warning  'maxCount' is not defined                 no-undef
  41:9   warning  'maxCount' is not defined                 no-undef
  45:29  warning  'count' is not defined                    no-undef
  50:5   warning  'count' is not defined                    no-undef
  53:5   warning  'jsplumbInstance' is not defined          no-undef
  54:5   warning  'addInstanceClockbar' is not defined      no-undef
  57:10  warning  'comp2Input0' is defined but never used   no-unused-vars
  67:5   warning  'jsplumbInstance' is not defined          no-undef
  68:5   warning  'addInstanceFinalInput' is not defined    no-undef
  71:10  warning  'comp2Output' is defined but never used   no-unused-vars
  81:5   warning  'jsplumbInstance' is not defined          no-undef
  82:5   warning  'addInstanceFinalOutput' is not defined   no-undef

/home/runner/work/exp-d-flip-flop-verilog-iiith/exp-d-flip-flop-verilog-iiith/experiment/simulation/js/main.js
  119:16  warning  'selectedTab' is not defined  no-undef

✖ 75 problems (0 errors, 75 warnings)

