assignment.html     http://outreach.vlabs.ac.in/
contributors.html     http://outreach.vlabs.ac.in/
feedback.html     http://outreach.vlabs.ac.in/
index.html     http://outreach.vlabs.ac.in/
objective.html     http://outreach.vlabs.ac.in/
performance-report.html     http://vlab.co.in
posttest.html     http://outreach.vlabs.ac.in/
pretest.html     http://outreach.vlabs.ac.in/
procedure.html     http://outreach.vlabs.ac.in/
references.html     http://outreach.vlabs.ac.in/
theory.html     http://outreach.vlabs.ac.in/
validator-report.html     http://vlab.co.in
simulation/exp9/Feedback.html     http://vlab.co.in/
simulation/exp9/Feedback.html     http://vlab.co.in/
simulation/exp9/Feedback.html     http://vlab.co.in/participating-institutes
simulation/exp9/Feedback.html     http://vlab.co.in/contact-us
simulation/exp9/Feedback.html     http://vlab.co.in/broad-area-computer-science-and-engineering
simulation/exp9/Feedback.html     http://209.211.220.205/feedback/feedback.html
simulation/exp9/Feedback.html     http://www.sakshat.ac.in/
simulation/exp9/Feedback.html     http://outreach.vlabs.ac.in/
simulation/exp9/Introduction.html     http://vlab.co.in/
simulation/exp9/Introduction.html     http://vlab.co.in/
simulation/exp9/Feedback.html     http://vlab.co.in/faq
simulation/exp9/Introduction.html     http://vlab.co.in/participating-institutes
simulation/exp9/Introduction.html     http://vlab.co.in/contact-us
simulation/exp9/Introduction.html     http://vlab.co.in/broad-area-computer-science-and-engineering
simulation/exp9/Introduction.html     http://www.sakshat.ac.in/
simulation/exp9/Introduction.html     http://outreach.vlabs.ac.in/
simulation/exp9/Introduction.html     http://vlab.co.in/faq
simulation/exp9/Manual.html     http://vlab.co.in/
simulation/exp9/Manual.html     http://vlab.co.in/
simulation/exp9/Manual.html     http://vlab.co.in/participating-institutes
simulation/exp9/Manual.html     http://vlab.co.in/contact-us
simulation/exp9/Manual.html     http://vlab.co.in/broad-area-computer-science-and-engineering
simulation/exp9/Manual.html     http://www.sakshat.ac.in/
simulation/exp9/Manual.html     http://outreach.vlabs.ac.in/
simulation/exp9/Manual.html     http://vlab.co.in/faq
simulation/exp9/Objective.html     http://vlab.co.in/
simulation/exp9/Objective.html     http://vlab.co.in/
simulation/exp9/Objective.html     http://vlab.co.in/participating-institutes
simulation/exp9/Objective.html     http://vlab.co.in/contact-us
simulation/exp9/Objective.html     http://vlab.co.in/broad-area-computer-science-and-engineering
simulation/exp9/Objective.html     http://www.sakshat.ac.in/
simulation/exp9/Objective.html     http://outreach.vlabs.ac.in/
simulation/exp9/Objective.html     http://vlab.co.in/faq
simulation/exp9/Procedure.html     http://vlab.co.in/
simulation/exp9/Procedure.html     http://vlab.co.in/
simulation/exp9/Procedure.html     http://vlab.co.in/participating-institutes
simulation/exp9/Procedure.html     http://vlab.co.in/contact-us
simulation/exp9/Procedure.html     http://vlab.co.in/broad-area-computer-science-and-engineering
simulation/exp9/Procedure.html     http://www.sakshat.ac.in/
simulation/exp9/Procedure.html     http://outreach.vlabs.ac.in/
simulation/exp9/Procedure.html     http://vlab.co.in/faq
simulation/exp9/Quiz.html     http://vlab.co.in/
simulation/exp9/Quiz.html     http://vlab.co.in/participating-institutes
simulation/exp9/Quiz.html     http://vlab.co.in/
simulation/exp9/Quiz.html     http://vlab.co.in/contact-us
simulation/exp9/Quiz.html     http://vlab.co.in/broad-area-computer-science-and-engineering
simulation/exp9/Quiz.html     http://www.sakshat.ac.in/
simulation/exp9/Quiz.html     http://outreach.vlabs.ac.in/
simulation/exp9/Quiz.html     http://vlab.co.in/faq
simulation/exp9/References.html     http://vlab.co.in/
simulation/exp9/References.html     http://vlab.co.in/
simulation/exp9/References.html     http://vlab.co.in/participating-institutes
simulation/exp9/References.html     http://vlab.co.in/contact-us
simulation/exp9/References.html     http://vlab.co.in/broad-area-computer-science-and-engineering
simulation/exp9/References.html     http://outreach.vlabs.ac.in/
simulation/exp9/References.html     http://vlab.co.in/faq
simulation/exp9/References.html     http://www.sakshat.ac.in/
simulation/exp9/Simulator.html     http://vlab.co.in/
simulation/exp9/Simulator.html     http://vlab.co.in/
simulation/exp9/Simulator.html     http://vlab.co.in/participating-institutes
simulation/exp9/Simulator.html     http://vlab.co.in/contact-us
simulation/exp9/Simulator.html     http://vlabs.ac.in/computer-science-and-engineering-labs.html
simulation/exp9/Simulator.html     http://www.sakshat.ac.in/
simulation/exp9/Simulator.html     http://outreach.vlabs.ac.in/
simulation/exp9/Simulator.html     http://vlab.co.in/faq
simulation/exp9/Theory.html     http://vlab.co.in/
simulation/exp9/Theory.html     http://vlab.co.in/
simulation/exp9/Theory.html     http://vlab.co.in/participating-institutes
simulation/exp9/Theory.html     http://vlabs.ac.in/index.html#contact
simulation/exp9/Theory.html     http://vlab.co.in/broad-area-computer-science-and-engineering
simulation/exp9/Theory.html     http://www.sakshat.ac.in/
simulation/exp9/Theory.html     http://outreach.vlabs.ac.in/
simulation/exp9/Theory.html     http://vlab.co.in/faq
